<?xml version="1.0" encoding="UTF-8"?>
<testsuite xmlns:xsi="http://www.w3.org/2001/XMLSchema-instance" xsi:noNamespaceSchemaLocation="https://maven.apache.org/surefire/maven-surefire-plugin/xsd/surefire-test-report.xsd" version="3.0.2" name="com.voo.airlines.service.VooServiceTest" time="0.131" tests="3" errors="0" skipped="0" failures="0">
  <properties>
[...]
</properties>
  <testcase name="testar_salvar_e_carregar_passagem" classname="com.voo.airlines.service.VooServiceTest" time="0.097">
    <system-out><![CDATA[Passagem salva: Código: 5C04, Origem: Aracaju, Destino: Curitiba, Data: 20/08/2025, Poltrona: A1
Tentando carregar do arquivo: C:\Users\Olfre\AppData\Local\Temp\junit1812581499841751066\passagens_test.txt
1 passagens carregadas com sucesso.
]]></system-out>
  </testcase>
  <testcase name="testar_obter_destino_por_sigla" classname="com.voo.airlines.service.VooServiceTest" time="0.004"/>
  <testcase name="testar_listas_fixas" classname="com.voo.airlines.service.VooServiceTest" time="0.002"/>
</testsuite>